{"name": "При создании курьера не указать обязательное поле", "status": "failed", "statusDetails": {"message": "AssertionError: assert {'code': 400,...етной записи'} == {'message': '...етной записи'}\n  \n  Omitting 1 identical items, use -vv to show\n  Left contains 1 more item:\n  {'code': 400}\n  \n  Full diff:\n    {...\n  \n  ...Full output truncated (3 lines hidden), use '-vv' to show", "trace": "self = <test_create_courier.TestCourierRegistration object at 0x0000017A8B4E3390>\n\n    @allure.title('При создании курьера не указать обязательное поле')\n    @allure.step('В теле запроса не указать пароль')\n    def test_creating_courier_without_required_fields(self):\n        payload = payloads.create_courier_payloads.no_password\n    \n        response = requests.post(test_urls.create_courier, data=payload)\n        assert response.status_code == 400\n        data = response.json()\n>       assert data == data_answers.not_enough_data\nE       AssertionError: assert {'code': 400,...етной записи'} == {'message': '...етной записи'}\nE         \nE         Omitting 1 identical items, use -vv to show\nE         Left contains 1 more item:\nE         {'code': 400}\nE         \nE         Full diff:\nE           {...\nE         \nE         ...Full output truncated (3 lines hidden), use '-vv' to show\n\ntests\\test_create_courier.py:40: AssertionError"}, "steps": [{"name": "В теле запроса не указать пароль", "status": "failed", "statusDetails": {"message": "AssertionError: assert {'code': 400,...етной записи'} == {'message': '...етной записи'}\n  \n  Omitting 1 identical items, use -vv to show\n  Left contains 1 more item:\n  {'code': 400}\n  \n  Full diff:\n    {...\n  \n  ...Full output truncated (3 lines hidden), use '-vv' to show\n", "trace": "  File \"C:\\Users\\Спиридон\\Sprint_7\\venv\\Lib\\site-packages\\allure_commons\\_allure.py\", line 192, in impl\n    return func(*a, **kw)\n           ^^^^^^^^^^^^^^\n  File \"C:\\Users\\Спиридон\\Sprint_7\\tests\\test_create_courier.py\", line 40, in test_creating_courier_without_required_fields\n    assert data == data_answers.not_enough_data\n"}, "start": 1715109833166, "stop": 1715109833518}], "start": 1715109833166, "stop": 1715109833518, "uuid": "f12223aa-1cbf-4545-8503-73fe73291546", "historyId": "00cf950990c5db3c4fc9843a833e9b5f", "testCaseId": "00cf950990c5db3c4fc9843a833e9b5f", "fullName": "tests.test_create_courier.TestCourierRegistration#test_creating_courier_without_required_fields", "labels": [{"name": "parentSuite", "value": "tests"}, {"name": "suite", "value": "test_create_courier"}, {"name": "subSuite", "value": "TestCourierRegistration"}, {"name": "host", "value": "LAPTOP-90R9D1PV"}, {"name": "thread", "value": "23776-MainThread"}, {"name": "framework", "value": "pytest"}, {"name": "language", "value": "cpython3"}, {"name": "package", "value": "tests.test_create_courier"}]}