{"name": "Проверка входа с данными несуществующего пользователя", "status": "failed", "statusDetails": {"message": "AssertionError: assert {'code': 404,...ь не найдена'} == {'message': '...ь не найдена'}\n  \n  Omitting 1 identical items, use -vv to show\n  Left contains 1 more item:\n  {'code': 404}\n  \n  Full diff:\n    {...\n  \n  ...Full output truncated (3 lines hidden), use '-vv' to show", "trace": "self = <test_log_in.TestCourierLogin object at 0x0000028821028850>\n\n    @allure.title('Проверка входа с данными несуществующего пользователя')\n    @allure.step('В теле запроса указать данные несуществующего курьера')\n    def test_login_in_nonexistent_courier(self):\n        payload = {\n            \"login\": \"narutohokage)))\",\n            \"password\": \"11234\"}\n    \n        response = requests.post(\"https://qa-scooter.praktikum-services.ru/\" + \"api/v1/courier/login\", data=payload)\n        assert response.status_code == 404\n        data = response.json()\n>       assert data == {\"message\": \"Учетная запись не найдена\"}\nE       AssertionError: assert {'code': 404,...ь не найдена'} == {'message': '...ь не найдена'}\nE         \nE         Omitting 1 identical items, use -vv to show\nE         Left contains 1 more item:\nE         {'code': 404}\nE         \nE         Full diff:\nE           {...\nE         \nE         ...Full output truncated (3 lines hidden), use '-vv' to show\n\ntests\\test_log_in.py:51: AssertionError"}, "steps": [{"name": "В теле запроса указать данные несуществующего курьера", "status": "failed", "statusDetails": {"message": "AssertionError: assert {'code': 404,...ь не найдена'} == {'message': '...ь не найдена'}\n  \n  Omitting 1 identical items, use -vv to show\n  Left contains 1 more item:\n  {'code': 404}\n  \n  Full diff:\n    {...\n  \n  ...Full output truncated (3 lines hidden), use '-vv' to show\n", "trace": "  File \"C:\\Users\\Спиридон\\Sprint_7\\venv\\Lib\\site-packages\\allure_commons\\_allure.py\", line 192, in impl\n    return func(*a, **kw)\n           ^^^^^^^^^^^^^^\n  File \"C:\\Users\\Спиридон\\Sprint_7\\tests\\test_log_in.py\", line 51, in test_login_in_nonexistent_courier\n    assert data == {\"message\": \"Учетная запись не найдена\"}\n"}, "start": 1714922172329, "stop": 1714922172657}], "start": 1714922172329, "stop": 1714922172657, "uuid": "08ed9c51-a668-4cbb-88a0-b30dd55cc4ac", "historyId": "38f53c93bd11b6f4c2a65b1af500966c", "testCaseId": "38f53c93bd11b6f4c2a65b1af500966c", "fullName": "tests.test_log_in.TestCourierLogin#test_login_in_nonexistent_courier", "labels": [{"name": "parentSuite", "value": "tests"}, {"name": "suite", "value": "test_log_in"}, {"name": "subSuite", "value": "TestCourierLogin"}, {"name": "host", "value": "LAPTOP-90R9D1PV"}, {"name": "thread", "value": "22120-MainThread"}, {"name": "framework", "value": "pytest"}, {"name": "language", "value": "cpython3"}, {"name": "package", "value": "tests.test_log_in"}]}