{"name": "При создании курьера не указать обязательное поле", "status": "failed", "statusDetails": {"message": "AssertionError: assert {'code': 400,...етной записи'} == {'message': '...етной записи'}\n  \n  Omitting 1 identical items, use -vv to show\n  Left contains 1 more item:\n  {'code': 400}\n  \n  Full diff:\n    {...\n  \n  ...Full output truncated (3 lines hidden), use '-vv' to show", "trace": "self = <test_create_courier.TestCourierRegistration object at 0x0000028821018790>\n\n    @allure.title('При создании курьера не указать обязательное поле')\n    @allure.step('В теле запроса не указать пароль')\n    def test_creating_courier_without_required_fields(self):\n        payload = {\n            \"login\": \"narutohokage18\",\n            \"firstNam\": \"madara\"}\n    \n        response = requests.post(\"https://qa-scooter.praktikum-services.ru/\" + \"api/v1/courier\", data=payload)\n        assert response.status_code == 400\n        data = response.json()\n>       assert data == {'message': 'Недостаточно данных для создания учетной записи'}\nE       AssertionError: assert {'code': 400,...етной записи'} == {'message': '...етной записи'}\nE         \nE         Omitting 1 identical items, use -vv to show\nE         Left contains 1 more item:\nE         {'code': 400}\nE         \nE         Full diff:\nE           {...\nE         \nE         ...Full output truncated (3 lines hidden), use '-vv' to show\n\ntests\\test_create_courier.py:45: AssertionError"}, "steps": [{"name": "В теле запроса не указать пароль", "status": "failed", "statusDetails": {"message": "AssertionError: assert {'code': 400,...етной записи'} == {'message': '...етной записи'}\n  \n  Omitting 1 identical items, use -vv to show\n  Left contains 1 more item:\n  {'code': 400}\n  \n  Full diff:\n    {...\n  \n  ...Full output truncated (3 lines hidden), use '-vv' to show\n", "trace": "  File \"C:\\Users\\Спиридон\\Sprint_7\\venv\\Lib\\site-packages\\allure_commons\\_allure.py\", line 192, in impl\n    return func(*a, **kw)\n           ^^^^^^^^^^^^^^\n  File \"C:\\Users\\Спиридон\\Sprint_7\\tests\\test_create_courier.py\", line 45, in test_creating_courier_without_required_fields\n    assert data == {'message': 'Недостаточно данных для создания учетной записи'}\n"}, "start": 1714922169958, "stop": 1714922170310}], "start": 1714922169958, "stop": 1714922170310, "uuid": "927ab780-5be0-418f-98cc-9a7c3869d7b9", "historyId": "00cf950990c5db3c4fc9843a833e9b5f", "testCaseId": "00cf950990c5db3c4fc9843a833e9b5f", "fullName": "tests.test_create_courier.TestCourierRegistration#test_creating_courier_without_required_fields", "labels": [{"name": "parentSuite", "value": "tests"}, {"name": "suite", "value": "test_create_courier"}, {"name": "subSuite", "value": "TestCourierRegistration"}, {"name": "host", "value": "LAPTOP-90R9D1PV"}, {"name": "thread", "value": "22120-MainThread"}, {"name": "framework", "value": "pytest"}, {"name": "language", "value": "cpython3"}, {"name": "package", "value": "tests.test_create_courier"}]}